INFO:root:Writing out data to: processed_data/
INFO:root:	Case is still open for data/2015/CM/2015CM000004-13.json
INFO:root:	Case is still open for data/2015/CM/2015CM000007-18.json
INFO:root:	Case is still open for data/2015/CM/2015CM000009-1.json
INFO:root:	Case is still open for data/2015/CM/2015CM000011-15.json
INFO:root:	Case is still open for data/2015/CM/2015CM000011-70.json
INFO:root:	Case is still open for data/2015/CM/2015CM000014-30.json
INFO:root:	Case is still open for data/2015/CM/2015CM000015-6.json
INFO:root:	Case is still open for data/2015/CM/2015CM000016-6.json
INFO:root:	Case is still open for data/2015/CM/2015CM000018-54.json
INFO:root:	Case is still open for data/2015/CM/2015CM000020-13.json
INFO:root:	Case is still open for data/2015/CM/2015CM000021-17.json
INFO:root:	Case is still open for data/2015/CM/2015CM000021-33.json
INFO:root:	Case is still open for data/2015/CM/2015CM000021-9.json
INFO:root:	Case is still open for data/2015/CM/2015CM000022-36.json
INFO:root:	Case is still open for data/2015/CM/2015CM000023-50.json
INFO:root:	Case is still open for data/2015/CM/2015CM000026-33.json
INFO:root:	Case is still open for data/2015/CM/2015CM000026-64.json
INFO:root:	Case is still open for data/2015/CM/2015CM000027-49.json
INFO:root:	Case is still open for data/2015/CM/2015CM000027-62.json
INFO:root:	Case is still open for data/2015/CM/2015CM000028-39.json
INFO:root:	Case is still open for data/2015/CM/2015CM000029-64.json
INFO:root:	Case is still open for data/2015/CM/2015CM000030-11.json
INFO:root:	Case is still open for data/2015/CM/2015CM000032-16.json
INFO:root:	Case is still open for data/2015/CM/2015CM000032-26.json
INFO:root:	Case is still open for data/2015/CM/2015CM000035-4.json
INFO:root:	Case is still open for data/2015/CM/2015CM000036-2.json
INFO:root:	Case is still open for data/2015/CM/2015CM000036-8.json
INFO:root:	Case is still open for data/2015/CM/2015CM000039-11.json
INFO:root:	Case is still open for data/2015/CM/2015CM000040-7.json
INFO:root:	Case is still open for data/2015/CM/2015CM000041-33.json
INFO:root:	Case is still open for data/2015/CM/2015CM000043-22.json
INFO:root:	Case is still open for data/2015/CM/2015CM000044-47.json
INFO:root:	Case is still open for data/2015/CM/2015CM000044-50.json
INFO:root:	Case is still open for data/2015/CM/2015CM000044-56.json
INFO:root:	Case is still open for data/2015/CM/2015CM000046-16.json
INFO:root:	Case is still open for data/2015/CM/2015CM000047-61.json
INFO:root:	Case is still open for data/2015/CM/2015CM000050-47.json
INFO:root:	Case is still open for data/2015/CM/2015CM000050-64.json
INFO:root:	Case is still open for data/2015/CM/2015CM000052-19.json
INFO:root:	Case is still open for data/2015/CM/2015CM000052-49.json
INFO:root:	Case is still open for data/2015/CM/2015CM000055-33.json
INFO:root:	Case is still open for data/2015/CM/2015CM000057-10.json
INFO:root:	Case is still open for data/2015/CM/2015CM000058-16.json
INFO:root:	Case is still open for data/2015/CM/2015CM000059-10.json
INFO:root:	Case is still open for data/2015/CM/2015CM000059-36.json
INFO:root:	Case is still open for data/2015/CM/2015CM000059-42.json
INFO:root:	Case is still open for data/2015/CM/2015CM000059-49.json
INFO:root:	Case is still open for data/2015/CM/2015CM000059-67.json
INFO:root:	Case is still open for data/2015/CM/2015CM000060-22.json
INFO:root:	Case is still open for data/2015/CM/2015CM000060-33.json
INFO:root:	Case is still open for data/2015/CM/2015CM000064-48.json
INFO:root:	Case is still open for data/2015/CM/2015CM000066-26.json
INFO:root:	Case is still open for data/2015/CM/2015CM000067-56.json
INFO:root:	Case is still open for data/2015/CM/2015CM000068-11.json
INFO:root:	Case is still open for data/2015/CM/2015CM000069-11.json
INFO:root:	Case is still open for data/2015/CM/2015CM000069-47.json
INFO:root:	Case is still open for data/2015/CM/2015CM000070-42.json
INFO:root:	Case is still open for data/2015/CM/2015CM000071-71.json
INFO:root:	Case is still open for data/2015/CM/2015CM000075-33.json
INFO:root:	Case is still open for data/2015/CM/2015CM000076-27.json
INFO:root:	Case is still open for data/2015/CM/2015CM000076-58.json
INFO:root:	Case is still open for data/2015/CM/2015CM000077-21.json
INFO:root:	Case is still open for data/2015/CM/2015CM000079-48.json
INFO:root:	Case is still open for data/2015/CM/2015CM000080-45.json
INFO:root:	Case is still open for data/2015/CM/2015CM000081-38.json
INFO:root:	Case is still open for data/2015/CM/2015CM000082-48.json
INFO:root:	Case is still open for data/2015/CM/2015CM000082-61.json
INFO:root:	Case is still open for data/2015/CM/2015CM000084-41.json
INFO:root:	Case is still open for data/2015/CM/2015CM000086-11.json
INFO:root:	Case is still open for data/2015/CM/2015CM000086-7.json
INFO:root:	Case is still open for data/2015/CM/2015CM000090-33.json
INFO:root:	Case is still open for data/2015/CM/2015CM000091-58.json
INFO:root:	Case is still open for data/2015/CM/2015CM000091-66.json
INFO:root:	Case is still open for data/2015/CM/2015CM000091-8.json
INFO:root:	Case is still open for data/2015/CM/2015CM000096-55.json
INFO:root:	Case is still open for data/2015/CM/2015CM000097-23.json
INFO:root:	Case is still open for data/2015/CM/2015CM000098-48.json
INFO:root:	Case is still open for data/2015/CM/2015CM000106-16.json
INFO:root:	Case is still open for data/2015/CM/2015CM000107-29.json
INFO:root:	Case is still open for data/2015/CM/2015CM000107-57.json
INFO:root:	Case is still open for data/2015/CM/2015CM000109-9.json
INFO:root:	Case is still open for data/2015/CM/2015CM000111-61.json
INFO:root:	Case is still open for data/2015/CM/2015CM000112-48.json
INFO:root:	Case is still open for data/2015/CM/2015CM000114-41.json
INFO:root:	Case is still open for data/2015/CM/2015CM000114-66.json
INFO:root:	Case is still open for data/2015/CM/2015CM000115-71.json
INFO:root:	Case is still open for data/2015/CM/2015CM000116-50.json
INFO:root:	Case is still open for data/2015/CM/2015CM000118-16.json
INFO:root:	Case is still open for data/2015/CM/2015CM000119-50.json
INFO:root:	Case is still open for data/2015/CM/2015CM000123-5.json
INFO:root:	Case is still open for data/2015/CM/2015CM000124-40.json
INFO:root:	Case is still open for data/2015/CM/2015CM000126-24.json
INFO:root:	Case is still open for data/2015/CM/2015CM000127-61.json
INFO:root:	Case is still open for data/2015/CM/2015CM000130-40.json
INFO:root:	Case is still open for data/2015/CM/2015CM000131-1.json
INFO:root:	Case is still open for data/2015/CM/2015CM000136-25.json
INFO:root:	Case is still open for data/2015/CM/2015CM000136-41.json
INFO:root:	Case is still open for data/2015/CM/2015CM000137-45.json
INFO:root:	Case is still open for data/2015/CM/2015CM000138-57.json
INFO:root:	Case is still open for data/2015/CM/2015CM000139-34.json
INFO:root:	Case is still open for data/2015/CM/2015CM000139-47.json
INFO:root:	Case is still open for data/2015/CM/2015CM000140-32.json
INFO:root:	Case is still open for data/2015/CM/2015CM000140-47.json
INFO:root:	Case is still open for data/2015/CM/2015CM000140-67.json
INFO:root:	Case is still open for data/2015/CM/2015CM000142-25.json
INFO:root:	Case is still open for data/2015/CM/2015CM000143-25.json
INFO:root:	Case is still open for data/2015/CM/2015CM000148-49.json
INFO:root:	Case is still open for data/2015/CM/2015CM000149-7.json
INFO:root:	Case is still open for data/2015/CM/2015CM000150-64.json
INFO:root:	Case is still open for data/2015/CM/2015CM000152-15.json
INFO:root:	Case is still open for data/2015/CM/2015CM000152-35.json
INFO:root:	Case is still open for data/2015/CM/2015CM000152-7.json
INFO:root:	Case is still open for data/2015/CM/2015CM000154-18.json
INFO:root:	Case is still open for data/2015/CM/2015CM000155-16.json
INFO:root:	Case is still open for data/2015/CM/2015CM000156-47.json
INFO:root:	Case is still open for data/2015/CM/2015CM000157-10.json
INFO:root:	Case is still open for data/2015/CM/2015CM000157-47.json
INFO:root:	Case is still open for data/2015/CM/2015CM000160-56.json
INFO:root:	Case is still open for data/2015/CM/2015CM000162-68.json
INFO:root:	Case is still open for data/2015/CM/2015CM000163-42.json
INFO:root:	Case is still open for data/2015/CM/2015CM000165-47.json
INFO:root:	Case is still open for data/2015/CM/2015CM000168-23.json
INFO:root:	Case is still open for data/2015/CM/2015CM000168-42.json
INFO:root:	Case is still open for data/2015/CM/2015CM000175-47.json
INFO:root:	Case is still open for data/2015/CM/2015CM000176-29.json
INFO:root:	Case is still open for data/2015/CM/2015CM000180-22.json
INFO:root:	Case is still open for data/2015/CM/2015CM000181-40.json
INFO:root:	Case is still open for data/2015/CM/2015CM000181-70.json
INFO:root:	Case is still open for data/2015/CM/2015CM000183-32.json
INFO:root:	Case is still open for data/2015/CM/2015CM000183-48.json
INFO:root:	Case is still open for data/2015/CM/2015CM000184-23.json
INFO:root:	Case is still open for data/2015/CM/2015CM000187-41.json
INFO:root:	Case is still open for data/2015/CM/2015CM000187-56.json
INFO:root:	Case is still open for data/2015/CM/2015CM000189-28.json
INFO:root:	Case is still open for data/2015/CM/2015CM000190-39.json
INFO:root:	Case is still open for data/2015/CM/2015CM000192-39.json
INFO:root:	Case is still open for data/2015/CM/2015CM000194-23.json
INFO:root:	Case is still open for data/2015/CM/2015CM000197-47.json
INFO:root:	Case is still open for data/2015/CM/2015CM000199-40.json
INFO:root:	Case is still open for data/2015/CM/2015CM000200-47.json
INFO:root:	Case is still open for data/2015/CM/2015CM000201-17.json
INFO:root:	Case is still open for data/2015/CM/2015CM000204-67.json
INFO:root:	Case is still open for data/2015/CM/2015CM000204-7.json
INFO:root:	Case is still open for data/2015/CM/2015CM000206-55.json
INFO:root:	Case is still open for data/2015/CM/2015CM000207-71.json
INFO:root:	Case is still open for data/2015/CM/2015CM000208-41.json
INFO:root:	Case is still open for data/2015/CM/2015CM000208-5.json
INFO:root:	Case is still open for data/2015/CM/2015CM000209-32.json
INFO:root:	Case is still open for data/2015/CM/2015CM000209-47.json
INFO:root:	Case is still open for data/2015/CM/2015CM000209-51.json
INFO:root:	Case is still open for data/2015/CM/2015CM000210-48.json
INFO:root:	Case is still open for data/2015/CM/2015CM000211-11.json
INFO:root:	Case is still open for data/2015/CM/2015CM000211-25.json
INFO:root:	Case is still open for data/2015/CM/2015CM000212-48.json
INFO:root:	Case is still open for data/2015/CM/2015CM000212-64.json
INFO:root:	Case is still open for data/2015/CM/2015CM000213-11.json
INFO:root:	Case is still open for data/2015/CM/2015CM000215-51.json
INFO:root:	Case is still open for data/2015/CM/2015CM000216-18.json
INFO:root:	Case is still open for data/2015/CM/2015CM000218-55.json
INFO:root:	Case is still open for data/2015/CM/2015CM000224-25.json
INFO:root:	Case is still open for data/2015/CM/2015CM000225-23.json
INFO:root:	Case is still open for data/2015/CM/2015CM000225-42.json
INFO:root:	Case is still open for data/2015/CM/2015CM000226-69.json
INFO:root:	Case is still open for data/2015/CM/2015CM000227-24.json
INFO:root:	Case is still open for data/2015/CM/2015CM000227-47.json
INFO:root:	Case is still open for data/2015/CM/2015CM000229-7.json
INFO:root:	Case is still open for data/2015/CM/2015CM000230-65.json
INFO:root:	Case is still open for data/2015/CM/2015CM000231-32.json
INFO:root:	Case is still open for data/2015/CM/2015CM000232-2.json
INFO:root:	Case is still open for data/2015/CM/2015CM000233-11.json
INFO:root:	Case is still open for data/2015/CM/2015CM000233-8.json
INFO:root:	Case is still open for data/2015/CM/2015CM000235-17.json
INFO:root:	Case is still open for data/2015/CM/2015CM000235-51.json
INFO:root:	Case is still open for data/2015/CM/2015CM000235-56.json
INFO:root:	Case is still open for data/2015/CM/2015CM000236-11.json
INFO:root:	Case is still open for data/2015/CM/2015CM000237-17.json
INFO:root:	Case is still open for data/2015/CM/2015CM000239-25.json
INFO:root:	Case is still open for data/2015/CM/2015CM000240-22.json
INFO:root:	Case is still open for data/2015/CM/2015CM000242-13.json
INFO:root:	Case is still open for data/2015/CM/2015CM000243-49.json
INFO:root:	Case is still open for data/2015/CM/2015CM000248-11.json
INFO:root:	Case is still open for data/2015/CM/2015CM000248-7.json
INFO:root:	Case is still open for data/2015/CM/2015CM000249-11.json
INFO:root:	Case is still open for data/2015/CM/2015CM000249-55.json
INFO:root:	Case is still open for data/2015/CM/2015CM000250-16.json
INFO:root:	Case is still open for data/2015/CM/2015CM000251-70.json
INFO:root:	Case is still open for data/2015/CM/2015CM000253-47.json
INFO:root:	Case is still open for data/2015/CM/2015CM000254-1.json
INFO:root:	Case is still open for data/2015/CM/2015CM000257-2.json
INFO:root:	Case is still open for data/2015/CM/2015CM000257-36.json
INFO:root:	Case is still open for data/2015/CM/2015CM000258-2.json
INFO:root:	Case is still open for data/2015/CM/2015CM000259-7.json
INFO:root:	Case is still open for data/2015/CM/2015CM000260-2.json
INFO:root:	Case is still open for data/2015/CM/2015CM000261-2.json
INFO:root:	Case is still open for data/2015/CM/2015CM000261-57.json
INFO:root:	Case is still open for data/2015/CM/2015CM000261-59.json
INFO:root:	Case is still open for data/2015/CM/2015CM000262-7.json
INFO:root:	Case is still open for data/2015/CM/2015CM000263-2.json
WARNING:root:	Error: could not process data/2015/CM/2015CM000265-57.json. Exception: Expecting value: line 1 column 1 (char 0)
INFO:root:	Case is still open for data/2015/CM/2015CM000267-27.json
INFO:root:	Case is still open for data/2015/CM/2015CM000268-49.json
INFO:root:	Case is still open for data/2015/CM/2015CM000271-49.json
INFO:root:	Case is still open for data/2015/CM/2015CM000277-20.json
INFO:root:	Case is still open for data/2015/CM/2015CM000279-34.json
INFO:root:	Case is still open for data/2015/CM/2015CM000280-29.json
INFO:root:	Case is still open for data/2015/CM/2015CM000282-48.json
INFO:root:	Case is still open for data/2015/CM/2015CM000294-11.json
INFO:root:	Case is still open for data/2015/CM/2015CM000295-32.json
INFO:root:	Case is still open for data/2015/CM/2015CM000296-44.json
WARNING:root:	Missing data for data/2015/CM/2015CM000297-45.json (file has error), skipping
INFO:root:	Case is still open for data/2015/CM/2015CM000298-55.json
INFO:root:	Case is still open for data/2015/CM/2015CM000300-25.json
INFO:root:	Case is still open for data/2015/CM/2015CM000300-57.json
INFO:root:	Case is still open for data/2015/CM/2015CM000301-40.json
INFO:root:	Case is still open for data/2015/CM/2015CM000302-48.json
INFO:root:	Case is still open for data/2015/CM/2015CM000303-36.json
INFO:root:	Case is still open for data/2015/CM/2015CM000304-44.json
INFO:root:	Case is still open for data/2015/CM/2015CM000304-56.json
INFO:root:	Case is still open for data/2015/CM/2015CM000305-58.json
INFO:root:	Case is still open for data/2015/CM/2015CM000306-32.json
INFO:root:	Case is still open for data/2015/CM/2015CM000306-70.json
INFO:root:	Case is still open for data/2015/CM/2015CM000308-56.json
INFO:root:	Case is still open for data/2015/CM/2015CM000311-20.json
INFO:root:	Case is still open for data/2015/CM/2015CM000312-32.json
INFO:root:	Case is still open for data/2015/CM/2015CM000314-16.json
INFO:root:	Case is still open for data/2015/CM/2015CM000315-32.json
INFO:root:	Case is still open for data/2015/CM/2015CM000316-11.json
INFO:root:	Case is still open for data/2015/CM/2015CM000316-56.json
INFO:root:	Case is still open for data/2015/CM/2015CM000317-49.json
INFO:root:	Case is still open for data/2015/CM/2015CM000320-32.json
INFO:root:	Case is still open for data/2015/CM/2015CM000320-9.json
INFO:root:	Case is still open for data/2015/CM/2015CM000321-40.json
INFO:root:	Case is still open for data/2015/CM/2015CM000321-49.json
INFO:root:	Case is still open for data/2015/CM/2015CM000324-55.json
INFO:root:	Case is still open for data/2015/CM/2015CM000327-71.json
INFO:root:	Case is still open for data/2015/CM/2015CM000329-42.json
INFO:root:	Case is still open for data/2015/CM/2015CM000330-16.json
INFO:root:	Case is still open for data/2015/CM/2015CM000331-13.json
INFO:root:	Case is still open for data/2015/CM/2015CM000335-25.json
INFO:root:	Case is still open for data/2015/CM/2015CM000336-25.json
INFO:root:	Case is still open for data/2015/CM/2015CM000347-13.json
INFO:root:	Case is still open for data/2015/CM/2015CM000348-41.json
INFO:root:	Case is still open for data/2015/CM/2015CM000353-9.json
INFO:root:	Case is still open for data/2015/CM/2015CM000354-55.json
INFO:root:	Case is still open for data/2015/CM/2015CM000355-55.json
INFO:root:	Case is still open for data/2015/CM/2015CM000359-14.json
INFO:root:	Case is still open for data/2015/CM/2015CM000359-48.json
INFO:root:	Case is still open for data/2015/CM/2015CM000359-69.json
INFO:root:	Case is still open for data/2015/CM/2015CM000360-48.json
INFO:root:	Case is still open for data/2015/CM/2015CM000361-18.json
INFO:root:	Case is still open for data/2015/CM/2015CM000362-18.json
INFO:root:	Case is still open for data/2015/CM/2015CM000365-44.json
INFO:root:	Case is still open for data/2015/CM/2015CM000366-40.json
INFO:root:	Case is still open for data/2015/CM/2015CM000367-1.json
INFO:root:	Case is still open for data/2015/CM/2015CM000367-51.json
INFO:root:	Case is still open for data/2015/CM/2015CM000371-64.json
INFO:root:	Case is still open for data/2015/CM/2015CM000372-44.json
INFO:root:	Case is still open for data/2015/CM/2015CM000372-49.json
INFO:root:	Case is still open for data/2015/CM/2015CM000375-36.json
INFO:root:	Case is still open for data/2015/CM/2015CM000378-32.json
INFO:root:	Case is still open for data/2015/CM/2015CM000380-69.json
INFO:root:	Case is still open for data/2015/CM/2015CM000382-44.json
INFO:root:	Case is still open for data/2015/CM/2015CM000383-44.json
INFO:root:	Case is still open for data/2015/CM/2015CM000386-36.json
INFO:root:	Case is still open for data/2015/CM/2015CM000388-11.json
WARNING:root:	Error: could not process data/2015/CM/2015CM000389-13.json. Exception: duplicate, probation already in {'probation': ((3.0, 0), '2015-09-29', False)}
INFO:root:	Case is still open for data/2015/CM/2015CM000390-20.json
INFO:root:	Case is still open for data/2015/CM/2015CM000393-17.json
INFO:root:	Case is still open for data/2015/CM/2015CM000393-41.json
INFO:root:	Case is still open for data/2015/CM/2015CM000393-44.json
INFO:root:	Case is still open for data/2015/CM/2015CM000395-17.json
INFO:root:	Case is still open for data/2015/CM/2015CM000396-49.json
INFO:root:	Case is still open for data/2015/CM/2015CM000398-17.json
INFO:root:	Case is still open for data/2015/CM/2015CM000401-20.json
INFO:root:	Case is still open for data/2015/CM/2015CM000401-64.json
INFO:root:	Case is still open for data/2015/CM/2015CM000401-9.json
INFO:root:	Case is still open for data/2015/CM/2015CM000405-67.json
INFO:root:	Case is still open for data/2015/CM/2015CM000409-13.json
INFO:root:	Case is still open for data/2015/CM/2015CM000410-69.json
INFO:root:	Case is still open for data/2015/CM/2015CM000411-53.json
INFO:root:	Case is still open for data/2015/CM/2015CM000411-64.json
INFO:root:	Case is still open for data/2015/CM/2015CM000412-36.json
INFO:root:	Case is still open for data/2015/CM/2015CM000414-57.json
INFO:root:	Case is still open for data/2015/CM/2015CM000415-44.json
INFO:root:	Case is still open for data/2015/CM/2015CM000416-44.json
INFO:root:	Case is still open for data/2015/CM/2015CM000417-41.json
INFO:root:	Case is still open for data/2015/CM/2015CM000418-16.json
INFO:root:	Case is still open for data/2015/CM/2015CM000419-16.json
INFO:root:	Case is still open for data/2015/CM/2015CM000421-41.json
INFO:root:	Case is still open for data/2015/CM/2015CM000422-16.json
INFO:root:	Case is still open for data/2015/CM/2015CM000424-71.json
INFO:root:	Case is still open for data/2015/CM/2015CM000425-9.json
INFO:root:	Case is still open for data/2015/CM/2015CM000431-55.json
INFO:root:	Data not available for data/2015/CM/2015CM000433-68.json, Reason: That case does not exist or you are not allowed to see it.
INFO:root:	Case is still open for data/2015/CM/2015CM000436-55.json
INFO:root:	Case is still open for data/2015/CM/2015CM000444-55.json
INFO:root:	Case is still open for data/2015/CM/2015CM000448-55.json
INFO:root:	Case is still open for data/2015/CM/2015CM000456-67.json
INFO:root:	Case is still open for data/2015/CM/2015CM000457-17.json
INFO:root:	Case is still open for data/2015/CM/2015CM000459-41.json
INFO:root:	Case is still open for data/2015/CM/2015CM000462-56.json
INFO:root:	Case is still open for data/2015/CM/2015CM000464-5.json
INFO:root:	Case is still open for data/2015/CM/2015CM000464-55.json
INFO:root:	Case is still open for data/2015/CM/2015CM000467-64.json
INFO:root:	Case is still open for data/2015/CM/2015CM000470-30.json
INFO:root:	Case is still open for data/2015/CM/2015CM000473-53.json
INFO:root:	Case is still open for data/2015/CM/2015CM000475-9.json
INFO:root:	Case is still open for data/2015/CM/2015CM000476-32.json
INFO:root:	Case is still open for data/2015/CM/2015CM000476-9.json
INFO:root:	Case is still open for data/2015/CM/2015CM000481-69.json
INFO:root:	Case is still open for data/2015/CM/2015CM000486-20.json
INFO:root:	Case is still open for data/2015/CM/2015CM000489-32.json
INFO:root:	Case is still open for data/2015/CM/2015CM000490-32.json
INFO:root:	Case is still open for data/2015/CM/2015CM000494-49.json
INFO:root:	Case is still open for data/2015/CM/2015CM000497-13.json
INFO:root:	Case is still open for data/2015/CM/2015CM000497-55.json
INFO:root:	Case is still open for data/2015/CM/2015CM000497-64.json
INFO:root:	Case is still open for data/2015/CM/2015CM000499-20.json
INFO:root:	Case is still open for data/2015/CM/2015CM000501-5.json
INFO:root:	Case is still open for data/2015/CM/2015CM000505-64.json
INFO:root:	Case is still open for data/2015/CM/2015CM000506-51.json
INFO:root:	Case is still open for data/2015/CM/2015CM000511-16.json
INFO:root:	Case is still open for data/2015/CM/2015CM000515-36.json
INFO:root:	Case is still open for data/2015/CM/2015CM000519-9.json
INFO:root:	Case is still open for data/2015/CM/2015CM000523-55.json
INFO:root:	Case is still open for data/2015/CM/2015CM000524-30.json
INFO:root:	Case is still open for data/2015/CM/2015CM000525-44.json
INFO:root:	Case is still open for data/2015/CM/2015CM000528-16.json
INFO:root:	Case is still open for data/2015/CM/2015CM000531-36.json
INFO:root:	Case is still open for data/2015/CM/2015CM000531-51.json
INFO:root:	Case is still open for data/2015/CM/2015CM000533-41.json
INFO:root:	Case is still open for data/2015/CM/2015CM000535-41.json
INFO:root:	Case is still open for data/2015/CM/2015CM000539-20.json
INFO:root:	Case is still open for data/2015/CM/2015CM000543-13.json
INFO:root:	Case is still open for data/2015/CM/2015CM000543-36.json
INFO:root:	Case is still open for data/2015/CM/2015CM000544-56.json
INFO:root:	Case is still open for data/2015/CM/2015CM000546-45.json
INFO:root:	Case is still open for data/2015/CM/2015CM000556-13.json
INFO:root:	Case is still open for data/2015/CM/2015CM000560-9.json
INFO:root:	Case is still open for data/2015/CM/2015CM000561-30.json
INFO:root:	Case is still open for data/2015/CM/2015CM000561-9.json
INFO:root:	Case is still open for data/2015/CM/2015CM000568-51.json
INFO:root:	Case is still open for data/2015/CM/2015CM000571-40.json
INFO:root:	Case is still open for data/2015/CM/2015CM000573-13.json
INFO:root:	Case is still open for data/2015/CM/2015CM000574-11.json
INFO:root:	Case is still open for data/2015/CM/2015CM000574-44.json
INFO:root:	Case is still open for data/2015/CM/2015CM000578-45.json
INFO:root:	Case is still open for data/2015/CM/2015CM000583-30.json
INFO:root:	Case is still open for data/2015/CM/2015CM000583-36.json
INFO:root:	Case is still open for data/2015/CM/2015CM000591-37.json
INFO:root:	Case is still open for data/2015/CM/2015CM000592-55.json
INFO:root:	Case is still open for data/2015/CM/2015CM000592-56.json
INFO:root:	Case is still open for data/2015/CM/2015CM000597-30.json
INFO:root:	Case is still open for data/2015/CM/2015CM000597-53.json
INFO:root:	Case is still open for data/2015/CM/2015CM000598-13.json
INFO:root:	Case is still open for data/2015/CM/2015CM000600-11.json
INFO:root:	Case is still open for data/2015/CM/2015CM000602-40.json
INFO:root:	Case is still open for data/2015/CM/2015CM000604-64.json
INFO:root:	Case is still open for data/2015/CM/2015CM000606-44.json
INFO:root:	Case is still open for data/2015/CM/2015CM000608-55.json
INFO:root:	Case is still open for data/2015/CM/2015CM000609-9.json
INFO:root:	Case is still open for data/2015/CM/2015CM000610-40.json
INFO:root:	Case is still open for data/2015/CM/2015CM000611-67.json
INFO:root:	Case is still open for data/2015/CM/2015CM000619-16.json
INFO:root:	Case is still open for data/2015/CM/2015CM000621-20.json
INFO:root:	Case is still open for data/2015/CM/2015CM000621-32.json
INFO:root:	Case is still open for data/2015/CM/2015CM000623-40.json
INFO:root:	Case is still open for data/2015/CM/2015CM000623-66.json
INFO:root:	Case is still open for data/2015/CM/2015CM000627-11.json
INFO:root:	Case is still open for data/2015/CM/2015CM000629-20.json
INFO:root:	Case is still open for data/2015/CM/2015CM000629-5.json
INFO:root:	Case is still open for data/2015/CM/2015CM000637-44.json
INFO:root:	Case is still open for data/2015/CM/2015CM000653-67.json
INFO:root:	Case is still open for data/2015/CM/2015CM000654-51.json
INFO:root:	Case is still open for data/2015/CM/2015CM000656-53.json
INFO:root:	Case is still open for data/2015/CM/2015CM000667-13.json
INFO:root:	Case is still open for data/2015/CM/2015CM000677-66.json
INFO:root:	Case is still open for data/2015/CM/2015CM000682-44.json
WARNING:root:	Missing data for data/2015/CM/2015CM000683-37.json (file has error), skipping
INFO:root:	Case is still open for data/2015/CM/2015CM000705-11.json
INFO:root:	Case is still open for data/2015/CM/2015CM000705-55.json
INFO:root:	Case is still open for data/2015/CM/2015CM000713-11.json
INFO:root:	Case is still open for data/2015/CM/2015CM000713-67.json
INFO:root:	Case is still open for data/2015/CM/2015CM000723-13.json
INFO:root:	Case is still open for data/2015/CM/2015CM000724-55.json
INFO:root:	Case is still open for data/2015/CM/2015CM000726-18.json
INFO:root:	Case is still open for data/2015/CM/2015CM000733-5.json
INFO:root:	Case is still open for data/2015/CM/2015CM000739-71.json
INFO:root:	Case is still open for data/2015/CM/2015CM000741-11.json
INFO:root:	Case is still open for data/2015/CM/2015CM000743-37.json
INFO:root:	Case is still open for data/2015/CM/2015CM000745-45.json
WARNING:root:	Missing data for data/2015/CM/2015CM000745-71.json (file has error), skipping
INFO:root:	Case is still open for data/2015/CM/2015CM000746-55.json
INFO:root:	Case is still open for data/2015/CM/2015CM000750-5.json
INFO:root:	Case is still open for data/2015/CM/2015CM000755-18.json
INFO:root:	Case is still open for data/2015/CM/2015CM000764-13.json
INFO:root:	Case is still open for data/2015/CM/2015CM000766-51.json
INFO:root:	Case is still open for data/2015/CM/2015CM000773-18.json
INFO:root:	Case is still open for data/2015/CM/2015CM000781-37.json
INFO:root:	Case is still open for data/2015/CM/2015CM000783-30.json
INFO:root:	Case is still open for data/2015/CM/2015CM000783-67.json
INFO:root:	Case is still open for data/2015/CM/2015CM000793-45.json
INFO:root:	Case is still open for data/2015/CM/2015CM000794-37.json
INFO:root:	Case is still open for data/2015/CM/2015CM000794-51.json
INFO:root:	Case is still open for data/2015/CM/2015CM000794-53.json
INFO:root:	Case is still open for data/2015/CM/2015CM000795-59.json
INFO:root:	Case is still open for data/2015/CM/2015CM000804-37.json
INFO:root:	Case is still open for data/2015/CM/2015CM000804-5.json
INFO:root:	Case is still open for data/2015/CM/2015CM000807-30.json
INFO:root:	Data not available for data/2015/CM/2015CM000812-44.json, Reason: This case is sealed and is not available for viewing by order of Judge Schneider
WARNING:root:	Missing data for data/2015/CM/2015CM000814-45.json (file has error), skipping
INFO:root:	Case is still open for data/2015/CM/2015CM000818-59.json
INFO:root:	Case is still open for data/2015/CM/2015CM000839-37.json
INFO:root:	Case is still open for data/2015/CM/2015CM000840-44.json
INFO:root:	Case is still open for data/2015/CM/2015CM000841-59.json
INFO:root:	Case is still open for data/2015/CM/2015CM000842-45.json
INFO:root:	Data not available for data/2015/CM/2015CM000846-20.json, Reason: This case is sealed and is not available for viewing by order of Reserve Judge Sharpe
INFO:root:	Case is still open for data/2015/CM/2015CM000849-30.json
INFO:root:	Case is still open for data/2015/CM/2015CM000850-67.json
INFO:root:	Case is still open for data/2015/CM/2015CM000851-53.json
INFO:root:	Case is still open for data/2015/CM/2015CM000852-71.json
INFO:root:	Case is still open for data/2015/CM/2015CM000856-18.json
INFO:root:	Case is still open for data/2015/CM/2015CM000865-40.json
INFO:root:	Case is still open for data/2015/CM/2015CM000868-66.json
INFO:root:	Case is still open for data/2015/CM/2015CM000876-51.json
INFO:root:	Case is still open for data/2015/CM/2015CM000884-13.json
INFO:root:	Case is still open for data/2015/CM/2015CM000887-18.json
INFO:root:	Case is still open for data/2015/CM/2015CM000887-44.json
INFO:root:	Case is still open for data/2015/CM/2015CM000892-44.json
WARNING:root:	Missing data for data/2015/CM/2015CM000911-40.json (file has error), skipping
INFO:root:	Case is still open for data/2015/CM/2015CM000912-59.json
INFO:root:	Case is still open for data/2015/CM/2015CM000913-44.json
INFO:root:	Case is still open for data/2015/CM/2015CM000914-44.json
INFO:root:	Case is still open for data/2015/CM/2015CM000921-45.json
INFO:root:	Case is still open for data/2015/CM/2015CM000929-37.json
INFO:root:	Case is still open for data/2015/CM/2015CM000930-13.json
INFO:root:	Case is still open for data/2015/CM/2015CM000931-59.json
INFO:root:	Case is still open for data/2015/CM/2015CM000934-37.json
INFO:root:	Case is still open for data/2015/CM/2015CM000938-44.json
INFO:root:	Case is still open for data/2015/CM/2015CM000942-51.json
INFO:root:	Case is still open for data/2015/CM/2015CM000946-59.json
INFO:root:	Case is still open for data/2015/CM/2015CM000953-45.json
INFO:root:	Case is still open for data/2015/CM/2015CM000963-44.json
INFO:root:	Case is still open for data/2015/CM/2015CM000969-53.json
INFO:root:	Case is still open for data/2015/CM/2015CM000969-59.json
INFO:root:	Case is still open for data/2015/CM/2015CM000970-18.json
INFO:root:	Case is still open for data/2015/CM/2015CM000970-59.json
INFO:root:	Case is still open for data/2015/CM/2015CM000991-20.json
INFO:root:	Case is still open for data/2015/CM/2015CM000998-20.json
INFO:root:	Case is still open for data/2015/CM/2015CM001001-13.json
INFO:root:	Case is still open for data/2015/CM/2015CM001012-32.json
INFO:root:	Case is still open for data/2015/CM/2015CM001013-30.json
INFO:root:	Case is still open for data/2015/CM/2015CM001034-13.json
INFO:root:	Case is still open for data/2015/CM/2015CM001035-67.json
INFO:root:	Case is still open for data/2015/CM/2015CM001041-18.json
INFO:root:	Case is still open for data/2015/CM/2015CM001054-37.json
INFO:root:	Case is still open for data/2015/CM/2015CM001056-51.json
INFO:root:	Case is still open for data/2015/CM/2015CM001063-18.json
INFO:root:	Case is still open for data/2015/CM/2015CM001070-59.json
INFO:root:	Case is still open for data/2015/CM/2015CM001071-13.json
INFO:root:	Case is still open for data/2015/CM/2015CM001072-32.json
INFO:root:	Case is still open for data/2015/CM/2015CM001074-5.json
INFO:root:	Case is still open for data/2015/CM/2015CM001075-5.json
INFO:root:	Case is still open for data/2015/CM/2015CM001077-44.json
INFO:root:	Case is still open for data/2015/CM/2015CM001078-40.json
INFO:root:	Case is still open for data/2015/CM/2015CM001085-40.json
INFO:root:	Case is still open for data/2015/CM/2015CM001086-32.json
INFO:root:	Case is still open for data/2015/CM/2015CM001089-53.json
INFO:root:	Case is still open for data/2015/CM/2015CM001090-5.json
INFO:root:	Case is still open for data/2015/CM/2015CM001095-32.json
INFO:root:	Case is still open for data/2015/CM/2015CM001110-37.json
INFO:root:	Case is still open for data/2015/CM/2015CM001111-44.json
INFO:root:	Case is still open for data/2015/CM/2015CM001124-30.json
INFO:root:	Case is still open for data/2015/CM/2015CM001128-18.json
INFO:root:	Case is still open for data/2015/CM/2015CM001144-67.json
INFO:root:	Case is still open for data/2015/CM/2015CM001146-40.json
INFO:root:	Case is still open for data/2015/CM/2015CM001148-67.json
INFO:root:	Case is still open for data/2015/CM/2015CM001151-13.json
INFO:root:	Case is still open for data/2015/CM/2015CM001186-37.json
INFO:root:	Case is still open for data/2015/CM/2015CM001191-44.json
INFO:root:	Case is still open for data/2015/CM/2015CM001194-30.json
INFO:root:	Case is still open for data/2015/CM/2015CM001202-32.json
INFO:root:	Case is still open for data/2015/CM/2015CM001202-37.json
INFO:root:	Case is still open for data/2015/CM/2015CM001208-18.json
INFO:root:	Case is still open for data/2015/CM/2015CM001213-5.json
INFO:root:	Case is still open for data/2015/CM/2015CM001214-18.json
INFO:root:	Case is still open for data/2015/CM/2015CM001216-44.json
INFO:root:	Case is still open for data/2015/CM/2015CM001219-13.json
INFO:root:	Case is still open for data/2015/CM/2015CM001221-53.json
INFO:root:	Case is still open for data/2015/CM/2015CM001222-32.json
INFO:root:	Case is still open for data/2015/CM/2015CM001230-5.json
INFO:root:	Case is still open for data/2015/CM/2015CM001234-51.json
INFO:root:	Case is still open for data/2015/CM/2015CM001238-53.json
INFO:root:	Case is still open for data/2015/CM/2015CM001242-37.json
INFO:root:	Case is still open for data/2015/CM/2015CM001244-37.json
INFO:root:	Case is still open for data/2015/CM/2015CM001245-32.json
INFO:root:	Case is still open for data/2015/CM/2015CM001252-32.json
INFO:root:	Case is still open for data/2015/CM/2015CM001263-13.json
INFO:root:	Case is still open for data/2015/CM/2015CM001272-13.json
INFO:root:	Case is still open for data/2015/CM/2015CM001290-5.json
INFO:root:	Case is still open for data/2015/CM/2015CM001300-67.json
INFO:root:	Case is still open for data/2015/CM/2015CM001301-40.json
INFO:root:	Case is still open for data/2015/CM/2015CM001301-51.json
INFO:root:	Case is still open for data/2015/CM/2015CM001307-32.json
INFO:root:	Case is still open for data/2015/CM/2015CM001312-5.json
INFO:root:	Case is still open for data/2015/CM/2015CM001332-37.json
INFO:root:	Case is still open for data/2015/CM/2015CM001338-13.json
INFO:root:	Case is still open for data/2015/CM/2015CM001342-32.json
INFO:root:	Case is still open for data/2015/CM/2015CM001350-30.json
INFO:root:	Case is still open for data/2015/CM/2015CM001350-5.json
INFO:root:	Case is still open for data/2015/CM/2015CM001369-67.json
INFO:root:	Case is still open for data/2015/CM/2015CM001371-30.json
INFO:root:	Case is still open for data/2015/CM/2015CM001373-37.json
INFO:root:	Case is still open for data/2015/CM/2015CM001380-51.json
INFO:root:	Case is still open for data/2015/CM/2015CM001384-67.json
INFO:root:	Case is still open for data/2015/CM/2015CM001400-37.json
INFO:root:	Case is still open for data/2015/CM/2015CM001401-67.json
INFO:root:	Case is still open for data/2015/CM/2015CM001414-40.json
INFO:root:	Case is still open for data/2015/CM/2015CM001422-32.json
INFO:root:	Case is still open for data/2015/CM/2015CM001434-30.json
INFO:root:	Case is still open for data/2015/CM/2015CM001441-37.json
INFO:root:	Case is still open for data/2015/CM/2015CM001459-30.json
INFO:root:	Case is still open for data/2015/CM/2015CM001475-32.json
INFO:root:	Case is still open for data/2015/CM/2015CM001485-18.json
INFO:root:	Case is still open for data/2015/CM/2015CM001486-13.json
INFO:root:	Case is still open for data/2015/CM/2015CM001494-13.json
INFO:root:	Case is still open for data/2015/CM/2015CM001494-5.json
INFO:root:	Case is still open for data/2015/CM/2015CM001499-32.json
INFO:root:	Case is still open for data/2015/CM/2015CM001512-67.json
INFO:root:	Case is still open for data/2015/CM/2015CM001514-53.json
INFO:root:	Case is still open for data/2015/CM/2015CM001525-30.json
INFO:root:	Case is still open for data/2015/CM/2015CM001536-30.json
INFO:root:	Case is still open for data/2015/CM/2015CM001541-18.json
INFO:root:	Case is still open for data/2015/CM/2015CM001541-51.json
INFO:root:	Case is still open for data/2015/CM/2015CM001544-37.json
INFO:root:	Case is still open for data/2015/CM/2015CM001546-30.json
INFO:root:	Case is still open for data/2015/CM/2015CM001549-32.json
INFO:root:	Case is still open for data/2015/CM/2015CM001573-70.json
INFO:root:	Case is still open for data/2015/CM/2015CM001574-37.json
INFO:root:	Case is still open for data/2015/CM/2015CM001581-70.json
INFO:root:	Case is still open for data/2015/CM/2015CM001584-40.json
INFO:root:	Case is still open for data/2015/CM/2015CM001596-13.json
INFO:root:	Case is still open for data/2015/CM/2015CM001598-13.json
INFO:root:	Case is still open for data/2015/CM/2015CM001598-30.json
INFO:root:	Case is still open for data/2015/CM/2015CM001605-37.json
INFO:root:	Case is still open for data/2015/CM/2015CM001608-51.json
INFO:root:	Case is still open for data/2015/CM/2015CM001631-32.json
INFO:root:	Case is still open for data/2015/CM/2015CM001641-53.json
INFO:root:	Case is still open for data/2015/CM/2015CM001642-37.json
INFO:root:	Case is still open for data/2015/CM/2015CM001649-67.json
INFO:root:	Case is still open for data/2015/CM/2015CM001653-13.json
INFO:root:	Case is still open for data/2015/CM/2015CM001658-40.json
INFO:root:	Case is still open for data/2015/CM/2015CM001680-53.json
INFO:root:	Case is still open for data/2015/CM/2015CM001686-32.json
INFO:root:	Case is still open for data/2015/CM/2015CM001688-32.json
INFO:root:	Case is still open for data/2015/CM/2015CM001697-32.json
WARNING:root:	Error: could not process data/2015/CM/2015CM001703-32.json. Exception: 'NoneType' object is not subscriptable
INFO:root:	Case is still open for data/2015/CM/2015CM001708-37.json
INFO:root:	Case is still open for data/2015/CM/2015CM001711-70.json
INFO:root:	Case is still open for data/2015/CM/2015CM001745-70.json
INFO:root:	Case is still open for data/2015/CM/2015CM001748-53.json
INFO:root:	Case is still open for data/2015/CM/2015CM001771-70.json
INFO:root:	Case is still open for data/2015/CM/2015CM001772-70.json
INFO:root:	Case is still open for data/2015/CM/2015CM001784-53.json
INFO:root:	Case is still open for data/2015/CM/2015CM001786-67.json
INFO:root:	Case is still open for data/2015/CM/2015CM001792-40.json
INFO:root:	Case is still open for data/2015/CM/2015CM001804-70.json
INFO:root:	Case is still open for data/2015/CM/2015CM001824-67.json
INFO:root:	Case is still open for data/2015/CM/2015CM001833-5.json
INFO:root:	Case is still open for data/2015/CM/2015CM001863-5.json
INFO:root:	Case is still open for data/2015/CM/2015CM001881-13.json
INFO:root:	Case is still open for data/2015/CM/2015CM001900-37.json
INFO:root:	Case is still open for data/2015/CM/2015CM001908-5.json
INFO:root:	Case is still open for data/2015/CM/2015CM001928-67.json
INFO:root:	Case is still open for data/2015/CM/2015CM001929-51.json
INFO:root:	Case is still open for data/2015/CM/2015CM001954-40.json
INFO:root:	Case is still open for data/2015/CM/2015CM001955-13.json
INFO:root:	Case is still open for data/2015/CM/2015CM001956-51.json
INFO:root:	Case is still open for data/2015/CM/2015CM001961-40.json
INFO:root:	Case is still open for data/2015/CM/2015CM001962-37.json
INFO:root:	Case is still open for data/2015/CM/2015CM001962-40.json
INFO:root:	Case is still open for data/2015/CM/2015CM001964-40.json
INFO:root:	Case is still open for data/2015/CM/2015CM001966-37.json
INFO:root:	Case is still open for data/2015/CM/2015CM001967-37.json
INFO:root:	Case is still open for data/2015/CM/2015CM001967-40.json
INFO:root:	Case is still open for data/2015/CM/2015CM001969-40.json
INFO:root:	Case is still open for data/2015/CM/2015CM001970-51.json
INFO:root:	Case is still open for data/2015/CM/2015CM001971-40.json
INFO:root:	Case is still open for data/2015/CM/2015CM001978-67.json
INFO:root:	Case is still open for data/2015/CM/2015CM002002-53.json
INFO:root:	Case is still open for data/2015/CM/2015CM002004-67.json
INFO:root:	Case is still open for data/2015/CM/2015CM002006-37.json
INFO:root:	Case is still open for data/2015/CM/2015CM002009-40.json
INFO:root:	Case is still open for data/2015/CM/2015CM002018-51.json
INFO:root:	Case is still open for data/2015/CM/2015CM002021-13.json
INFO:root:	Case is still open for data/2015/CM/2015CM002053-37.json
INFO:root:	Case is still open for data/2015/CM/2015CM002054-37.json
INFO:root:	Case is still open for data/2015/CM/2015CM002058-13.json
INFO:root:	Case is still open for data/2015/CM/2015CM002060-51.json
INFO:root:	Case is still open for data/2015/CM/2015CM002072-53.json
INFO:root:	Case is still open for data/2015/CM/2015CM002074-13.json
INFO:root:	Case is still open for data/2015/CM/2015CM002080-53.json
INFO:root:	Case is still open for data/2015/CM/2015CM002086-13.json
INFO:root:	Case is still open for data/2015/CM/2015CM002087-13.json
INFO:root:	Case is still open for data/2015/CM/2015CM002115-67.json
INFO:root:	Case is still open for data/2015/CM/2015CM002121-13.json
INFO:root:	Case is still open for data/2015/CM/2015CM002122-13.json
INFO:root:	Case is still open for data/2015/CM/2015CM002138-37.json
INFO:root:	Case is still open for data/2015/CM/2015CM002147-13.json
INFO:root:	Case is still open for data/2015/CM/2015CM002156-40.json
INFO:root:	Case is still open for data/2015/CM/2015CM002157-40.json
INFO:root:	Case is still open for data/2015/CM/2015CM002174-37.json
INFO:root:	Case is still open for data/2015/CM/2015CM002198-67.json
INFO:root:	Case is still open for data/2015/CM/2015CM002203-37.json
INFO:root:	Case is still open for data/2015/CM/2015CM002207-40.json
INFO:root:	Case is still open for data/2015/CM/2015CM002235-51.json
INFO:root:	Case is still open for data/2015/CM/2015CM002240-13.json
INFO:root:	Case is still open for data/2015/CM/2015CM002242-53.json
INFO:root:	Case is still open for data/2015/CM/2015CM002285-40.json
INFO:root:	Case is still open for data/2015/CM/2015CM002305-37.json
INFO:root:	Case is still open for data/2015/CM/2015CM002314-40.json
INFO:root:	Case is still open for data/2015/CM/2015CM002314-53.json
INFO:root:	Case is still open for data/2015/CM/2015CM002318-67.json
INFO:root:	Case is still open for data/2015/CM/2015CM002342-40.json
INFO:root:	Case is still open for data/2015/CM/2015CM002357-37.json
INFO:root:	Case is still open for data/2015/CM/2015CM002363-13.json
WARNING:root:	Missing data for data/2015/CM/2015CM002368-37.json (file has error), skipping
INFO:root:	Case is still open for data/2015/CM/2015CM002370-67.json
INFO:root:	Case is still open for data/2015/CM/2015CM002372-53.json
INFO:root:	Case is still open for data/2015/CM/2015CM002375-40.json
INFO:root:	Case is still open for data/2015/CM/2015CM002406-40.json
INFO:root:	Case is still open for data/2015/CM/2015CM002409-37.json
INFO:root:	Case is still open for data/2015/CM/2015CM002417-40.json
INFO:root:	Case is still open for data/2015/CM/2015CM002426-67.json
INFO:root:	Case is still open for data/2015/CM/2015CM002427-51.json
INFO:root:	Case is still open for data/2015/CM/2015CM002440-13.json
INFO:root:	Case is still open for data/2015/CM/2015CM002452-37.json
INFO:root:	Case is still open for data/2015/CM/2015CM002467-67.json
INFO:root:	Case is still open for data/2015/CM/2015CM002493-53.json
INFO:root:	Case is still open for data/2015/CM/2015CM002518-40.json
INFO:root:	Case is still open for data/2015/CM/2015CM002537-40.json
INFO:root:	Case is still open for data/2015/CM/2015CM002547-53.json
