INFO:root:Writing out data to: processed_data/
INFO:root:	Case is still open for data/2015/CF/2015CF000001-21.json
INFO:root:	Case is still open for data/2015/CF/2015CF000002-8.json
INFO:root:	Case is still open for data/2015/CF/2015CF000006-11.json
INFO:root:	Case is still open for data/2015/CF/2015CF000007-15.json
INFO:root:	Case is still open for data/2015/CF/2015CF000007-62.json
INFO:root:	Case is still open for data/2015/CF/2015CF000011-63.json
INFO:root:	Case is still open for data/2015/CF/2015CF000012-10.json
INFO:root:	Case is still open for data/2015/CF/2015CF000018-18.json
INFO:root:	Case is still open for data/2015/CF/2015CF000021-4.json
INFO:root:	Case is still open for data/2015/CF/2015CF000023-54.json
INFO:root:	Case is still open for data/2015/CF/2015CF000032-5.json
INFO:root:	Case is still open for data/2015/CF/2015CF000033-15.json
INFO:root:	Case is still open for data/2015/CF/2015CF000041-54.json
INFO:root:	Case is still open for data/2015/CF/2015CF000042-54.json
INFO:root:	Case is still open for data/2015/CF/2015CF000043-65.json
INFO:root:	Case is still open for data/2015/CF/2015CF000044-21.json
INFO:root:	Case is still open for data/2015/CF/2015CF000045-55.json
INFO:root:	Case is still open for data/2015/CF/2015CF000046-33.json
INFO:root:	Case is still open for data/2015/CF/2015CF000047-33.json
INFO:root:	Case is still open for data/2015/CF/2015CF000047-65.json
INFO:root:	Case is still open for data/2015/CF/2015CF000048-59.json
INFO:root:	Case is still open for data/2015/CF/2015CF000049-25.json
INFO:root:	Case is still open for data/2015/CF/2015CF000054-15.json
INFO:root:	Case is still open for data/2015/CF/2015CF000054-43.json
INFO:root:	Case is still open for data/2015/CF/2015CF000055-43.json
INFO:root:	Case is still open for data/2015/CF/2015CF000056-35.json
INFO:root:	Case is still open for data/2015/CF/2015CF000057-60.json
INFO:root:	Case is still open for data/2015/CF/2015CF000058-31.json
INFO:root:	Case is still open for data/2015/CF/2015CF000060-34.json
INFO:root:	Case is still open for data/2015/CF/2015CF000061-1.json
INFO:root:	Case is still open for data/2015/CF/2015CF000061-37.json
INFO:root:	Case is still open for data/2015/CF/2015CF000063-42.json
INFO:root:	Case is still open for data/2015/CF/2015CF000066-33.json
INFO:root:	Case is still open for data/2015/CF/2015CF000068-10.json
INFO:root:	Case is still open for data/2015/CF/2015CF000069-22.json
INFO:root:	Case is still open for data/2015/CF/2015CF000073-10.json
INFO:root:	Case is still open for data/2015/CF/2015CF000079-56.json
INFO:root:	Case is still open for data/2015/CF/2015CF000082-11.json
INFO:root:	Case is still open for data/2015/CF/2015CF000087-67.json
INFO:root:	Case is still open for data/2015/CF/2015CF000091-15.json
INFO:root:	Case is still open for data/2015/CF/2015CF000091-59.json
INFO:root:	Case is still open for data/2015/CF/2015CF000092-45.json
INFO:root:	Case is still open for data/2015/CF/2015CF000093-11.json
INFO:root:	Case is still open for data/2015/CF/2015CF000093-22.json
INFO:root:	Case is still open for data/2015/CF/2015CF000094-5.json
INFO:root:	Case is still open for data/2015/CF/2015CF000094-8.json
INFO:root:	Case is still open for data/2015/CF/2015CF000095-51.json
INFO:root:	Case is still open for data/2015/CF/2015CF000099-64.json
INFO:root:	Case is still open for data/2015/CF/2015CF000106-49.json
INFO:root:	Case is still open for data/2015/CF/2015CF000106-5.json
INFO:root:	Case is still open for data/2015/CF/2015CF000109-18.json
INFO:root:	Case is still open for data/2015/CF/2015CF000110-64.json
INFO:root:	Case is still open for data/2015/CF/2015CF000112-68.json
INFO:root:	Case is still open for data/2015/CF/2015CF000112-7.json
INFO:root:	Case is still open for data/2015/CF/2015CF000113-56.json
INFO:root:	Case is still open for data/2015/CF/2015CF000118-62.json
INFO:root:	Case is still open for data/2015/CF/2015CF000119-37.json
INFO:root:	Case is still open for data/2015/CF/2015CF000129-42.json
INFO:root:	Case is still open for data/2015/CF/2015CF000129-49.json
INFO:root:	Case is still open for data/2015/CF/2015CF000130-53.json
INFO:root:	Case is still open for data/2015/CF/2015CF000132-7.json
INFO:root:	Case is still open for data/2015/CF/2015CF000133-49.json
INFO:root:	Case is still open for data/2015/CF/2015CF000136-17.json
INFO:root:	Case is still open for data/2015/CF/2015CF000136-40.json
INFO:root:	Case is still open for data/2015/CF/2015CF000136-47.json
INFO:root:	Case is still open for data/2015/CF/2015CF000139-56.json
INFO:root:	Case is still open for data/2015/CF/2015CF000141-8.json
INFO:root:	Case is still open for data/2015/CF/2015CF000145-18.json
INFO:root:	Case is still open for data/2015/CF/2015CF000145-61.json
INFO:root:	Case is still open for data/2015/CF/2015CF000157-42.json
INFO:root:	Case is still open for data/2015/CF/2015CF000157-70.json
INFO:root:	Case is still open for data/2015/CF/2015CF000158-8.json
INFO:root:	Case is still open for data/2015/CF/2015CF000161-21.json
INFO:root:	Case is still open for data/2015/CF/2015CF000161-3.json
INFO:root:	Case is still open for data/2015/CF/2015CF000164-7.json
INFO:root:	Case is still open for data/2015/CF/2015CF000166-35.json
INFO:root:	Case is still open for data/2015/CF/2015CF000168-56.json
INFO:root:	Case is still open for data/2015/CF/2015CF000183-45.json
INFO:root:	Case is still open for data/2015/CF/2015CF000185-29.json
INFO:root:	Case is still open for data/2015/CF/2015CF000194-7.json
INFO:root:	Case is still open for data/2015/CF/2015CF000197-40.json
INFO:root:	Case is still open for data/2015/CF/2015CF000204-13.json
INFO:root:	Case is still open for data/2015/CF/2015CF000205-51.json
INFO:root:	Case is still open for data/2015/CF/2015CF000206-7.json
INFO:root:	Case is still open for data/2015/CF/2015CF000207-49.json
INFO:root:	Data not available for data/2015/CF/2015CF000209-25.json, Reason: This case is sealed and is not available for viewing by order of Judge Koehler
WARNING:root:	Error: could not process data/2015/CF/2015CF000211-13.json. Exception: duplicate, probation already in {'probation': ((5.0, 0), '2015-10-01', False)}
INFO:root:	Case is still open for data/2015/CF/2015CF000223-11.json
INFO:root:	Case is still open for data/2015/CF/2015CF000229-18.json
INFO:root:	Case is still open for data/2015/CF/2015CF000233-13.json
INFO:root:	Case is still open for data/2015/CF/2015CF000233-35.json
INFO:root:	Case is still open for data/2015/CF/2015CF000233-5.json
INFO:root:	Case is still open for data/2015/CF/2015CF000236-37.json
INFO:root:	Case is still open for data/2015/CF/2015CF000238-59.json
INFO:root:	Case is still open for data/2015/CF/2015CF000241-49.json
INFO:root:	Case is still open for data/2015/CF/2015CF000264-9.json
INFO:root:	Case is still open for data/2015/CF/2015CF000265-18.json
INFO:root:	Case is still open for data/2015/CF/2015CF000270-57.json
INFO:root:	Case is still open for data/2015/CF/2015CF000275-11.json
INFO:root:	Case is still open for data/2015/CF/2015CF000283-11.json
INFO:root:	Case is still open for data/2015/CF/2015CF000284-56.json
INFO:root:	Case is still open for data/2015/CF/2015CF000284-66.json
INFO:root:	Case is still open for data/2015/CF/2015CF000285-20.json
INFO:root:	Case is still open for data/2015/CF/2015CF000289-53.json
INFO:root:	Case is still open for data/2015/CF/2015CF000296-32.json
INFO:root:	Case is still open for data/2015/CF/2015CF000297-36.json
INFO:root:	Case is still open for data/2015/CF/2015CF000299-30.json
INFO:root:	Case is still open for data/2015/CF/2015CF000301-14.json
INFO:root:	Case is still open for data/2015/CF/2015CF000304-49.json
INFO:root:	Case is still open for data/2015/CF/2015CF000313-36.json
INFO:root:	Case is still open for data/2015/CF/2015CF000319-49.json
INFO:root:	Case is still open for data/2015/CF/2015CF000321-66.json
INFO:root:	Case is still open for data/2015/CF/2015CF000322-67.json
INFO:root:	Case is still open for data/2015/CF/2015CF000323-59.json
INFO:root:	Case is still open for data/2015/CF/2015CF000329-59.json
INFO:root:	Case is still open for data/2015/CF/2015CF000333-11.json
INFO:root:	Case is still open for data/2015/CF/2015CF000338-67.json
INFO:root:	Case is still open for data/2015/CF/2015CF000355-48.json
INFO:root:	Case is still open for data/2015/CF/2015CF000356-53.json
INFO:root:	Case is still open for data/2015/CF/2015CF000371-16.json
INFO:root:	Case is still open for data/2015/CF/2015CF000376-59.json
INFO:root:	Case is still open for data/2015/CF/2015CF000381-55.json
INFO:root:	Case is still open for data/2015/CF/2015CF000389-67.json
INFO:root:	Case is still open for data/2015/CF/2015CF000400-49.json
INFO:root:	Case is still open for data/2015/CF/2015CF000401-53.json
INFO:root:	Case is still open for data/2015/CF/2015CF000402-66.json
INFO:root:	Case is still open for data/2015/CF/2015CF000406-11.json
INFO:root:	Case is still open for data/2015/CF/2015CF000406-48.json
INFO:root:	Case is still open for data/2015/CF/2015CF000415-49.json
INFO:root:	Case is still open for data/2015/CF/2015CF000417-49.json
INFO:root:	Case is still open for data/2015/CF/2015CF000430-53.json
INFO:root:	Case is still open for data/2015/CF/2015CF000435-5.json
INFO:root:	Case is still open for data/2015/CF/2015CF000437-66.json
INFO:root:	Case is still open for data/2015/CF/2015CF000438-13.json
WARNING:root:	Missing data for data/2015/CF/2015CF000441-20.json (file has error), skipping
INFO:root:	Case is still open for data/2015/CF/2015CF000448-55.json
INFO:root:	Case is still open for data/2015/CF/2015CF000449-53.json
INFO:root:	Case is still open for data/2015/CF/2015CF000452-3.json
INFO:root:	Case is still open for data/2015/CF/2015CF000454-55.json
INFO:root:	Case is still open for data/2015/CF/2015CF000458-11.json
INFO:root:	Case is still open for data/2015/CF/2015CF000460-11.json
INFO:root:	Case is still open for data/2015/CF/2015CF000462-51.json
INFO:root:	Case is still open for data/2015/CF/2015CF000463-51.json
INFO:root:	Case is still open for data/2015/CF/2015CF000464-37.json
INFO:root:	Case is still open for data/2015/CF/2015CF000465-41.json
INFO:root:	Case is still open for data/2015/CF/2015CF000467-11.json
INFO:root:	Case is still open for data/2015/CF/2015CF000477-40.json
INFO:root:	Case is still open for data/2015/CF/2015CF000481-11.json
INFO:root:	Case is still open for data/2015/CF/2015CF000486-11.json
INFO:root:	Case is still open for data/2015/CF/2015CF000510-37.json
INFO:root:	Case is still open for data/2015/CF/2015CF000513-59.json
INFO:root:	Case is still open for data/2015/CF/2015CF000514-20.json
INFO:root:	Case is still open for data/2015/CF/2015CF000518-40.json
INFO:root:	Data not available for data/2015/CF/2015CF000520-9.json, Reason: This case is sealed and is not available for viewing by order of Reserve Judge Cameron
INFO:root:	Case is still open for data/2015/CF/2015CF000522-37.json
INFO:root:	Case is still open for data/2015/CF/2015CF000523-30.json
INFO:root:	Case is still open for data/2015/CF/2015CF000535-18.json
INFO:root:	Case is still open for data/2015/CF/2015CF000535-51.json
INFO:root:	Case is still open for data/2015/CF/2015CF000536-20.json
INFO:root:	Case is still open for data/2015/CF/2015CF000539-18.json
INFO:root:	Case is still open for data/2015/CF/2015CF000550-53.json
INFO:root:	Case is still open for data/2015/CF/2015CF000551-44.json
INFO:root:	Case is still open for data/2015/CF/2015CF000554-37.json
INFO:root:	Case is still open for data/2015/CF/2015CF000566-37.json
INFO:root:	Case is still open for data/2015/CF/2015CF000574-32.json
INFO:root:	Case is still open for data/2015/CF/2015CF000578-30.json
INFO:root:	Case is still open for data/2015/CF/2015CF000589-13.json
INFO:root:	Case is still open for data/2015/CF/2015CF000608-5.json
INFO:root:	Case is still open for data/2015/CF/2015CF000639-53.json
WARNING:root:	Error: could not process data/2015/CF/2015CF000656-44.json. Exception: duplicate, probation already in {'probation': ((1.0, 0), '2016-06-02', False)}
INFO:root:	Case is still open for data/2015/CF/2015CF000668-13.json
INFO:root:	Case is still open for data/2015/CF/2015CF000678-40.json
INFO:root:	Case is still open for data/2015/CF/2015CF000708-30.json
INFO:root:	Case is still open for data/2015/CF/2015CF000713-67.json
INFO:root:	Case is still open for data/2015/CF/2015CF000715-40.json
INFO:root:	Case is still open for data/2015/CF/2015CF000720-37.json
INFO:root:	Case is still open for data/2015/CF/2015CF000722-30.json
INFO:root:	Case is still open for data/2015/CF/2015CF000724-20.json
INFO:root:	Case is still open for data/2015/CF/2015CF000725-5.json
INFO:root:	Case is still open for data/2015/CF/2015CF000749-30.json
INFO:root:	Case is still open for data/2015/CF/2015CF000751-67.json
INFO:root:	Case is still open for data/2015/CF/2015CF000754-32.json
INFO:root:	Case is still open for data/2015/CF/2015CF000754-59.json
INFO:root:	Case is still open for data/2015/CF/2015CF000756-37.json
INFO:root:	Case is still open for data/2015/CF/2015CF000765-67.json
INFO:root:	Case is still open for data/2015/CF/2015CF000767-67.json
INFO:root:	Case is still open for data/2015/CF/2015CF000777-37.json
INFO:root:	Case is still open for data/2015/CF/2015CF000778-5.json
INFO:root:	Case is still open for data/2015/CF/2015CF000782-67.json
INFO:root:	Case is still open for data/2015/CF/2015CF000784-53.json
INFO:root:	Case is still open for data/2015/CF/2015CF000790-18.json
INFO:root:	Case is still open for data/2015/CF/2015CF000797-44.json
INFO:root:	Case is still open for data/2015/CF/2015CF000800-13.json
INFO:root:	Data not available for data/2015/CF/2015CF000800-51.json, Reason: This case is sealed and is not available for viewing by order of Judge Gasiorkiewicz
INFO:root:	Case is still open for data/2015/CF/2015CF000807-18.json
INFO:root:	Case is still open for data/2015/CF/2015CF000828-30.json
INFO:root:	Case is still open for data/2015/CF/2015CF000850-18.json
INFO:root:	Case is still open for data/2015/CF/2015CF000859-13.json
INFO:root:	Case is still open for data/2015/CF/2015CF000874-30.json
INFO:root:	Case is still open for data/2015/CF/2015CF000899-37.json
INFO:root:	Case is still open for data/2015/CF/2015CF000899-67.json
INFO:root:	Case is still open for data/2015/CF/2015CF000931-67.json
INFO:root:	Case is still open for data/2015/CF/2015CF000942-18.json
INFO:root:	Case is still open for data/2015/CF/2015CF000975-53.json
INFO:root:	Case is still open for data/2015/CF/2015CF001035-37.json
INFO:root:	Case is still open for data/2015/CF/2015CF001037-67.json
INFO:root:	Case is still open for data/2015/CF/2015CF001038-37.json
INFO:root:	Case is still open for data/2015/CF/2015CF001043-40.json
INFO:root:	Case is still open for data/2015/CF/2015CF001045-30.json
INFO:root:	Case is still open for data/2015/CF/2015CF001059-37.json
INFO:root:	Case is still open for data/2015/CF/2015CF001061-30.json
INFO:root:	Case is still open for data/2015/CF/2015CF001077-53.json
INFO:root:	Case is still open for data/2015/CF/2015CF001087-37.json
INFO:root:	Case is still open for data/2015/CF/2015CF001095-53.json
INFO:root:	Case is still open for data/2015/CF/2015CF001100-30.json
INFO:root:	Case is still open for data/2015/CF/2015CF001101-67.json
WARNING:root:	Missing data for data/2015/CF/2015CF001107-18.json (file has error), skipping
INFO:root:	Case is still open for data/2015/CF/2015CF001120-30.json
INFO:root:	Case is still open for data/2015/CF/2015CF001142-37.json
INFO:root:	Case is still open for data/2015/CF/2015CF001144-37.json
INFO:root:	Case is still open for data/2015/CF/2015CF001145-13.json
INFO:root:	Case is still open for data/2015/CF/2015CF001149-40.json
INFO:root:	Case is still open for data/2015/CF/2015CF001154-53.json
INFO:root:	Case is still open for data/2015/CF/2015CF001155-53.json
INFO:root:	Data not available for data/2015/CF/2015CF001168-51.json, Reason: This case is sealed and is not available for viewing by order of Judge Gasiorkiewicz
INFO:root:	Case is still open for data/2015/CF/2015CF001170-5.json
WARNING:root:	Error: could not process data/2015/CF/2015CF001194-18.json. Exception: Error, life sentence for non-prison! {'prison': ((36.0, 0), '2016-04-29', False), 'life': ((0, 1), '2016-04-29', False)}
INFO:root:	Case is still open for data/2015/CF/2015CF001222-53.json
INFO:root:	Case is still open for data/2015/CF/2015CF001234-30.json
INFO:root:	Case is still open for data/2015/CF/2015CF001235-40.json
INFO:root:	Case is still open for data/2015/CF/2015CF001243-53.json
INFO:root:	Case is still open for data/2015/CF/2015CF001251-40.json
INFO:root:	Case is still open for data/2015/CF/2015CF001298-53.json
INFO:root:	Case is still open for data/2015/CF/2015CF001309-53.json
INFO:root:	Case is still open for data/2015/CF/2015CF001319-53.json
INFO:root:	Case is still open for data/2015/CF/2015CF001325-13.json
INFO:root:	Case is still open for data/2015/CF/2015CF001367-13.json
INFO:root:	Case is still open for data/2015/CF/2015CF001388-53.json
INFO:root:	Case is still open for data/2015/CF/2015CF001408-51.json
WARNING:root:	Missing data for data/2015/CF/2015CF001420-51.json (file has error), skipping
INFO:root:	Case is still open for data/2015/CF/2015CF001424-51.json
INFO:root:	Case is still open for data/2015/CF/2015CF001425-40.json
INFO:root:	Case is still open for data/2015/CF/2015CF001451-5.json
INFO:root:	Case is still open for data/2015/CF/2015CF001458-51.json
INFO:root:	Case is still open for data/2015/CF/2015CF001492-67.json
INFO:root:	Case is still open for data/2015/CF/2015CF001496-53.json
INFO:root:	Case is still open for data/2015/CF/2015CF001534-67.json
INFO:root:	Case is still open for data/2015/CF/2015CF001575-67.json
INFO:root:	Case is still open for data/2015/CF/2015CF001577-5.json
INFO:root:	Case is still open for data/2015/CF/2015CF001609-13.json
INFO:root:	Case is still open for data/2015/CF/2015CF001635-5.json
INFO:root:	Case is still open for data/2015/CF/2015CF001673-40.json
INFO:root:	Case is still open for data/2015/CF/2015CF001695-40.json
INFO:root:	Case is still open for data/2015/CF/2015CF001727-53.json
INFO:root:	Case is still open for data/2015/CF/2015CF001734-51.json
INFO:root:	Case is still open for data/2015/CF/2015CF001736-53.json
INFO:root:	Case is still open for data/2015/CF/2015CF001743-13.json
INFO:root:	Case is still open for data/2015/CF/2015CF001826-5.json
INFO:root:	Case is still open for data/2015/CF/2015CF001868-13.json
INFO:root:	Case is still open for data/2015/CF/2015CF001870-53.json
INFO:root:	Case is still open for data/2015/CF/2015CF001879-53.json
INFO:root:	Case is still open for data/2015/CF/2015CF001886-53.json
INFO:root:	Case is still open for data/2015/CF/2015CF001904-13.json
INFO:root:	Case is still open for data/2015/CF/2015CF001921-13.json
INFO:root:	Case is still open for data/2015/CF/2015CF001925-13.json
INFO:root:	Case is still open for data/2015/CF/2015CF001946-40.json
INFO:root:	Case is still open for data/2015/CF/2015CF001997-40.json
INFO:root:	Case is still open for data/2015/CF/2015CF002045-53.json
INFO:root:	Case is still open for data/2015/CF/2015CF002069-13.json
INFO:root:	Case is still open for data/2015/CF/2015CF002211-40.json
INFO:root:	Case is still open for data/2015/CF/2015CF002276-13.json
INFO:root:	Case is still open for data/2015/CF/2015CF002284-13.json
INFO:root:	Case is still open for data/2015/CF/2015CF002301-40.json
INFO:root:	Case is still open for data/2015/CF/2015CF002406-40.json
